============================================================================================== 
	 THE SPATIAL DATA HISTOGRAM FOR 10000 SAMPLES AND 500 BUCKET WIDTH IS:	
==============================================================================================
00:            2076 |           14213 |           37867 |           70865 |          113183 | 
05:          162617 |          219797 |          281376 |          348226 |          418899 | 
10:          492584 |          568883 |          643341 |          723769 |          799923 | 
15:          878119 |          953645 |         1025667 |         1097523 |         1161993 | 
20:         1225116 |         1285550 |         1340877 |         1389631 |         1435621 | 
25:         1471124 |         1505390 |         1534692 |         1554432 |         1566203 | 
30:         1574037 |         1572638 |         1562652 |         1550244 |         1527736 | 
35:         1500229 |         1462990 |         1419932 |         1372147 |         1313719 | 
40:         1249143 |         1177171 |         1097813 |         1012401 |          920177 | 
45:          823651 |          723812 |          632384 |          548914 |          472926 | 
50:          405253 |          344287 |          289366 |          240907 |          197632 | 
55:          160663 |          129085 |          101584 |           78486 |           60066 | 
60:           44359 |           32558 |           23063 |           16439 |           11532 | 
65:            7832 |            5299 |            3368 |            2289 |            1375 | 
70:             803 |             449 |             223 |             104 |              34 | 
75:              16 |               8 |               2 |               0 |               0 
==============================================================================================
============================================================================================== 
	 THE SPATIAL DATA HISTOGRAM FOR 10000 SAMPLES AND 250 BUCKET WIDTH IS:	
==============================================================================================
00:             262 |            1814 |            4866 |            9347 |           15317 | 
05:           22550 |           30657 |           40208 |           50925 |           62258 | 
10:           74890 |           87727 |          102227 |          117570 |          132774 | 
15:          148602 |          165778 |          182448 |          200471 |          218428 | 
20:          237035 |          255549 |          274844 |          294039 |          312518 | 
25:          330823 |          352214 |          371555 |          390532 |          409391 | 
30:          429928 |          448191 |          467416 |          486229 |          503646 | 
35:          522021 |          540074 |          557449 |          572662 |          589331 | 
40:          605853 |          619263 |          636025 |          649525 |          664505 | 
45:          676372 |          689906 |          699725 |          712144 |          723477 | 
50:          730466 |          740658 |          748483 |          756907 |          764406 | 
55:          770286 |          774252 |          780180 |          781302 |          784901 | 
60:          786384 |          787653 |          786572 |          786066 |          781853 | 
65:          780799 |          777303 |          772941 |          766225 |          761511 | 
70:          754384 |          745845 |          736594 |          726396 |          715750 | 
75:          704182 |          693011 |          679136 |          665093 |          648626 | 
80:          631847 |          617296 |          598192 |          578979 |          559628 | 
85:          538185 |          517412 |          494989 |          471984 |          448193 | 
90:          424046 |          399605 |          373610 |          350202 |          327047 | 
95:          305337 |          284535 |          264379 |          245068 |          227858 | 
100:          210284 |          194969 |          179171 |          165116 |          151340 | 
105:          138026 |          126196 |          114711 |          103700 |           93932 | 
110:           84448 |           76215 |           68183 |           60902 |           53919 | 
115:           47665 |           41951 |           36535 |           32148 |           27918 | 
120:           23916 |           20443 |           17551 |           15007 |           12443 | 
125:           10620 |            9065 |            7374 |            6377 |            5155 | 
130:            4230 |            3602 |            2962 |            2337 |            1876 | 
135:            1492 |            1333 |             956 |             756 |             619 | 
140:             470 |             333 |             256 |             193 |             137 | 
145:              86 |              63 |              41 |              25 |               9 | 
150:              10 |               6 |               6 |               2 |               1 | 
155:               1 |               0 |               0 |               0 |               0 
==============================================================================================

